<?xml version="1.0" encoding="UTF-8"?>
<testng-results ignored="0" total="2" passed="2" failed="0" skipped="0">
  <reporter-output>
  </reporter-output>
  <suite started-at="2026-01-19T17:15:48 IST" name="Master Suite" finished-at="2026-01-19T17:16:01 IST" duration-ms="13572">
    <groups>
      <group name="Master">
        <method signature="TC_001AccountRegistrationTest.verify_account_registration()[pri:0, instance:testCases.TC_001AccountRegistrationTest@4c402120]" name="verify_account_registration" class="testCases.TC_001AccountRegistrationTest"/>
        <method signature="TC_002LoginTest.verify_login()[pri:0, instance:testCases.TC_002LoginTest@3b69e7d1]" name="verify_login" class="testCases.TC_002LoginTest"/>
      </group> <!-- Master -->
      <group name="Sanity">
        <method signature="TC_002LoginTest.verify_login()[pri:0, instance:testCases.TC_002LoginTest@3b69e7d1]" name="verify_login" class="testCases.TC_002LoginTest"/>
      </group> <!-- Sanity -->
      <group name="Regression">
        <method signature="TC_001AccountRegistrationTest.verify_account_registration()[pri:0, instance:testCases.TC_001AccountRegistrationTest@4c402120]" name="verify_account_registration" class="testCases.TC_001AccountRegistrationTest"/>
      </group> <!-- Regression -->
    </groups>
    <test started-at="2026-01-19T17:15:48 IST" name="Test" finished-at="2026-01-19T17:16:01 IST" duration-ms="13572">
      <class name="testCases.TC_001AccountRegistrationTest">
        <test-method is-config="true" signature="setup(java.lang.String,java.lang.String)[pri:0, instance:testCases.TC_001AccountRegistrationTest@4c402120]" started-at="2026-01-19T17:15:48 IST" name="setup" finished-at="2026-01-19T17:15:53 IST" duration-ms="5149" status="PASS">
          <params>
            <param index="0">
              <value>
                <![CDATA[Windows]]>
              </value>
            </param>
            <param index="1">
              <value>
                <![CDATA[chrome]]>
              </value>
            </param>
          </params>
          <reporter-output>
          </reporter-output>
        </test-method> <!-- setup -->
        <test-method signature="verify_account_registration()[pri:0, instance:testCases.TC_001AccountRegistrationTest@4c402120]" started-at="2026-01-19T17:15:53 IST" name="verify_account_registration" finished-at="2026-01-19T17:15:56 IST" duration-ms="3166" status="PASS">
          <reporter-output>
          </reporter-output>
        </test-method> <!-- verify_account_registration -->
        <test-method is-config="true" signature="tearDown()[pri:0, instance:testCases.TC_001AccountRegistrationTest@4c402120]" started-at="2026-01-19T17:15:56 IST" name="tearDown" finished-at="2026-01-19T17:15:57 IST" duration-ms="348" status="PASS">
          <reporter-output>
          </reporter-output>
        </test-method> <!-- tearDown -->
      </class> <!-- testCases.TC_001AccountRegistrationTest -->
      <class name="testCases.TC_002LoginTest">
        <test-method is-config="true" signature="setup(java.lang.String,java.lang.String)[pri:0, instance:testCases.TC_002LoginTest@3b69e7d1]" started-at="2026-01-19T17:15:57 IST" name="setup" finished-at="2026-01-19T17:15:59 IST" duration-ms="2574" status="PASS">
          <params>
            <param index="0">
              <value>
                <![CDATA[Windows]]>
              </value>
            </param>
            <param index="1">
              <value>
                <![CDATA[chrome]]>
              </value>
            </param>
          </params>
          <reporter-output>
          </reporter-output>
        </test-method> <!-- setup -->
        <test-method signature="verify_login()[pri:0, instance:testCases.TC_002LoginTest@3b69e7d1]" started-at="2026-01-19T17:15:59 IST" name="verify_login" finished-at="2026-01-19T17:16:01 IST" duration-ms="1639" status="PASS">
          <reporter-output>
          </reporter-output>
        </test-method> <!-- verify_login -->
        <test-method is-config="true" signature="tearDown()[pri:0, instance:testCases.TC_002LoginTest@3b69e7d1]" started-at="2026-01-19T17:16:01 IST" name="tearDown" finished-at="2026-01-19T17:16:01 IST" duration-ms="284" status="PASS">
          <reporter-output>
          </reporter-output>
        </test-method> <!-- tearDown -->
      </class> <!-- testCases.TC_002LoginTest -->
    </test> <!-- Test -->
  </suite> <!-- Master Suite -->
</testng-results>
