<?xml version="1.0" encoding="UTF-8"?>
<!-- Generated by org.testng.reporters.JUnitXMLReporter -->
<testsuite ignored="0" hostname="PamuruManasa" failures="0" tests="1" name="Test(failed)(failed)(failed)" time="0.452" errors="0" timestamp="2026-01-12T15:08:06 IST">
  <testcase classname="testBase.BaseClass" name="@BeforeClass setup" time="0.015">
    <failure type="java.lang.Error" message="Unresolved compilation problems: 
	The constructor RemoteWebDriver(URL) is undefined
	URL cannot be resolved to a type
	Syntax error, insert &amp;quot;)&amp;quot; to complete ClassInstanceCreationExpression
	Syntax error, insert &amp;quot;)&amp;quot; to complete ClassInstanceCreationExpression
	Syntax error, insert &amp;quot;;&amp;quot; to complete Statement
	http cannot be resolved to a variable
">
      <![CDATA[java.lang.Error: Unresolved compilation problems: 
The constructor RemoteWebDriver(URL) is undefined
URL cannot be resolved to a type
Syntax error, insert ")" to complete ClassInstanceCreationExpression
Syntax error, insert ")" to complete ClassInstanceCreationExpression
Syntax error, insert ";" to complete Statement
http cannot be resolved to a variable

at testBase.BaseClass.setup(BaseClass.java:83)
at java.base/java.util.ArrayList.forEach(ArrayList.java:1597)
... Removed 23 stack frames]]>
    </failure>
  </testcase> <!-- @BeforeClass setup -->
  <testcase classname="testBase.BaseClass" name="@AfterClass tearDown" time="0.0">
    <skipped/>
  </testcase> <!-- @AfterClass tearDown -->
  <testcase classname="testCases.TC_002LoginTest" name="verify_login" time="0.0">
    <skipped/>
  </testcase> <!-- verify_login -->
</testsuite> <!-- Test(failed)(failed)(failed) -->
